<?xml version="1.0" encoding="UTF-8"?>
<testsuite name="com.mindex.challenge.DataBootstrapTest" tests="1" skipped="0" failures="0" errors="0" timestamp="2023-06-22T20:16:46" hostname="MSI" time="0.009">
  <properties/>
  <testcase name="test" classname="com.mindex.challenge.DataBootstrapTest" time="0.009"/>
  <system-out><![CDATA[2023-06-22 16:16:46.764  INFO 25148 --- [    Test worker] .b.t.c.SpringBootTestContextBootstrapper : Neither @ContextConfiguration nor @ContextHierarchy found for test class [com.mindex.challenge.DataBootstrapTest], using SpringBootContextLoader
2023-06-22 16:16:46.765  INFO 25148 --- [    Test worker] o.s.t.c.support.AbstractContextLoader    : Could not detect default resource locations for test class [com.mindex.challenge.DataBootstrapTest]: no resource found for suffixes {-context.xml, Context.groovy}.
2023-06-22 16:16:46.766  INFO 25148 --- [    Test worker] t.c.s.AnnotationConfigContextLoaderUtils : Could not detect default configuration classes for test class [com.mindex.challenge.DataBootstrapTest]: DataBootstrapTest does not declare any static, non-private, non-final, nested classes annotated with @Configuration.
2023-06-22 16:16:46.767  INFO 25148 --- [    Test worker] .b.t.c.SpringBootTestContextBootstrapper : Found @SpringBootConfiguration com.mindex.challenge.ChallengeApplication for test class com.mindex.challenge.DataBootstrapTest
2023-06-22 16:16:46.768  INFO 25148 --- [    Test worker] .b.t.c.SpringBootTestContextBootstrapper : Loaded default TestExecutionListener class names from location [META-INF/spring.factories]: [org.springframework.boot.test.autoconfigure.restdocs.RestDocsTestExecutionListener, org.springframework.boot.test.autoconfigure.web.client.MockRestServiceServerResetTestExecutionListener, org.springframework.boot.test.autoconfigure.web.servlet.MockMvcPrintOnlyOnFailureTestExecutionListener, org.springframework.boot.test.autoconfigure.web.servlet.WebDriverTestExecutionListener, org.springframework.boot.test.mock.mockito.MockitoTestExecutionListener, org.springframework.boot.test.mock.mockito.ResetMocksTestExecutionListener, org.springframework.test.context.web.ServletTestExecutionListener, org.springframework.test.context.support.DirtiesContextBeforeModesTestExecutionListener, org.springframework.test.context.support.DependencyInjectionTestExecutionListener, org.springframework.test.context.support.DirtiesContextTestExecutionListener, org.springframework.test.context.transaction.TransactionalTestExecutionListener, org.springframework.test.context.jdbc.SqlScriptsTestExecutionListener, org.springframework.test.context.event.EventPublishingTestExecutionListener]
2023-06-22 16:16:46.770  INFO 25148 --- [    Test worker] .b.t.c.SpringBootTestContextBootstrapper : Using TestExecutionListeners: [org.springframework.test.context.web.ServletTestExecutionListener@53079ae6, org.springframework.test.context.support.DirtiesContextBeforeModesTestExecutionListener@718ad3a6, org.springframework.boot.test.mock.mockito.MockitoTestExecutionListener@603c2dee, org.springframework.boot.test.autoconfigure.SpringBootDependencyInjectionTestExecutionListener@50d666a2, org.springframework.test.context.support.DirtiesContextTestExecutionListener@3f6906f4, org.springframework.test.context.transaction.TransactionalTestExecutionListener@1859e55c, org.springframework.test.context.jdbc.SqlScriptsTestExecutionListener@190bf8e4, org.springframework.test.context.event.EventPublishingTestExecutionListener@7a8b7e11, org.springframework.boot.test.autoconfigure.restdocs.RestDocsTestExecutionListener@d229912, org.springframework.boot.test.autoconfigure.web.client.MockRestServiceServerResetTestExecutionListener@5a06eeef, org.springframework.boot.test.autoconfigure.web.servlet.MockMvcPrintOnlyOnFailureTestExecutionListener@1c0cf193, org.springframework.boot.test.autoconfigure.web.servlet.WebDriverTestExecutionListener@3dd66ff5, org.springframework.boot.test.mock.mockito.ResetMocksTestExecutionListener@24258b54]
]]></system-out>
  <system-err><![CDATA[]]></system-err>
</testsuite>
