<?xml version="1.0" encoding="UTF-8"?>
<testsuite name="com.mindex.challenge.ChallengeApplicationTests" tests="1" skipped="0" failures="0" errors="0" timestamp="2023-06-22T20:16:46" hostname="MSI" time="0.002">
  <properties/>
  <testcase name="contextLoads" classname="com.mindex.challenge.ChallengeApplicationTests" time="0.002"/>
  <system-out><![CDATA[2023-06-22 16:16:45.950  INFO 25148 --- [    Test worker] .b.t.c.SpringBootTestContextBootstrapper : Neither @ContextConfiguration nor @ContextHierarchy found for test class [com.mindex.challenge.ChallengeApplicationTests], using SpringBootContextLoader
2023-06-22 16:16:45.951  INFO 25148 --- [    Test worker] o.s.t.c.support.AbstractContextLoader    : Could not detect default resource locations for test class [com.mindex.challenge.ChallengeApplicationTests]: no resource found for suffixes {-context.xml, Context.groovy}.
2023-06-22 16:16:45.952  INFO 25148 --- [    Test worker] t.c.s.AnnotationConfigContextLoaderUtils : Could not detect default configuration classes for test class [com.mindex.challenge.ChallengeApplicationTests]: ChallengeApplicationTests does not declare any static, non-private, non-final, nested classes annotated with @Configuration.
2023-06-22 16:16:45.959  INFO 25148 --- [    Test worker] .b.t.c.SpringBootTestContextBootstrapper : Found @SpringBootConfiguration com.mindex.challenge.ChallengeApplication for test class com.mindex.challenge.ChallengeApplicationTests
2023-06-22 16:16:45.961  INFO 25148 --- [    Test worker] .b.t.c.SpringBootTestContextBootstrapper : Loaded default TestExecutionListener class names from location [META-INF/spring.factories]: [org.springframework.boot.test.autoconfigure.restdocs.RestDocsTestExecutionListener, org.springframework.boot.test.autoconfigure.web.client.MockRestServiceServerResetTestExecutionListener, org.springframework.boot.test.autoconfigure.web.servlet.MockMvcPrintOnlyOnFailureTestExecutionListener, org.springframework.boot.test.autoconfigure.web.servlet.WebDriverTestExecutionListener, org.springframework.boot.test.mock.mockito.MockitoTestExecutionListener, org.springframework.boot.test.mock.mockito.ResetMocksTestExecutionListener, org.springframework.test.context.web.ServletTestExecutionListener, org.springframework.test.context.support.DirtiesContextBeforeModesTestExecutionListener, org.springframework.test.context.support.DependencyInjectionTestExecutionListener, org.springframework.test.context.support.DirtiesContextTestExecutionListener, org.springframework.test.context.transaction.TransactionalTestExecutionListener, org.springframework.test.context.jdbc.SqlScriptsTestExecutionListener, org.springframework.test.context.event.EventPublishingTestExecutionListener]
2023-06-22 16:16:45.961  INFO 25148 --- [    Test worker] .b.t.c.SpringBootTestContextBootstrapper : Using TestExecutionListeners: [org.springframework.test.context.web.ServletTestExecutionListener@3639b04, org.springframework.test.context.support.DirtiesContextBeforeModesTestExecutionListener@5cb8580, org.springframework.boot.test.mock.mockito.MockitoTestExecutionListener@2ca1e49a, org.springframework.boot.test.autoconfigure.SpringBootDependencyInjectionTestExecutionListener@1aee6d14, org.springframework.test.context.support.DirtiesContextTestExecutionListener@54a6ef6, org.springframework.test.context.transaction.TransactionalTestExecutionListener@5c740c5a, org.springframework.test.context.jdbc.SqlScriptsTestExecutionListener@7fd2a67a, org.springframework.test.context.event.EventPublishingTestExecutionListener@163df259, org.springframework.boot.test.autoconfigure.restdocs.RestDocsTestExecutionListener@405603b6, org.springframework.boot.test.autoconfigure.web.client.MockRestServiceServerResetTestExecutionListener@3c3cd13a, org.springframework.boot.test.autoconfigure.web.servlet.MockMvcPrintOnlyOnFailureTestExecutionListener@56b751b1, org.springframework.boot.test.autoconfigure.web.servlet.WebDriverTestExecutionListener@2f61de04, org.springframework.boot.test.mock.mockito.ResetMocksTestExecutionListener@5f5a33ed]

  .   ____          _            __ _ _
 /\\ / ___'_ __ _ _(_)_ __  __ _ \ \ \ \
( ( )\___ | '_ | '_| | '_ \/ _` | \ \ \ \
 \\/  ___)| |_)| | | | | || (_| |  ) ) ) )
  '  |____| .__|_| |_|_| |_\__, | / / / /
 =========|_|==============|___/=/_/_/_/
 :: Spring Boot ::        (v2.2.0.RELEASE)

2023-06-22 16:16:45.986  INFO 25148 --- [    Test worker] c.m.challenge.ChallengeApplicationTests  : Starting ChallengeApplicationTests on MSI with PID 25148 (started by andyl in C:\Users\andyl\Downloads\mindex-java-code-challenge\mindex-java-code-challenge)
2023-06-22 16:16:45.986 DEBUG 25148 --- [    Test worker] c.m.challenge.ChallengeApplicationTests  : Running with Spring Boot v2.2.0.RELEASE, Spring v5.2.0.RELEASE
2023-06-22 16:16:45.986  INFO 25148 --- [    Test worker] c.m.challenge.ChallengeApplicationTests  : No active profile set, falling back to default profiles: default
2023-06-22 16:16:46.103  INFO 25148 --- [    Test worker] .s.d.r.c.RepositoryConfigurationDelegate : Bootstrapping Spring Data repositories in DEFAULT mode.
2023-06-22 16:16:46.111  INFO 25148 --- [    Test worker] .s.d.r.c.RepositoryConfigurationDelegate : Finished Spring Data repository scanning in 8ms. Found 2 repository interfaces.
2023-06-22 16:16:46.277  INFO 25148 --- [    Test worker] de.bwaldvogel.mongo.MongoServer          : started MongoServer(port: 60415, ssl: false)
2023-06-22 16:16:46.279  INFO 25148 --- [    Test worker] org.mongodb.driver.cluster               : Cluster created with settings {hosts=[127.0.0.1:60415], mode=SINGLE, requiredClusterType=UNKNOWN, serverSelectionTimeout='30000 ms', maxWaitQueueSize=500}
2023-06-22 16:16:46.285  INFO 25148 --- [-server-worker1] d.b.mongo.wire.MongoWireProtocolHandler  : client [id: 0xaa091755, L:/127.0.0.1:60415 - R:/127.0.0.1:60416] connected
2023-06-22 16:16:46.288  WARN 25148 --- [    Test worker] o.s.data.convert.CustomConversions       : Registering converter from class java.time.LocalDateTime to class java.time.Instant as reading converter although it doesn't convert from a store-supported type! You might wanna check you annotation setup at the converter implementation.
2023-06-22 16:16:46.288  WARN 25148 --- [    Test worker] o.s.data.convert.CustomConversions       : Registering converter from class java.time.Instant to class java.time.LocalDateTime as reading converter although it doesn't convert from a store-supported type! You might wanna check you annotation setup at the converter implementation.
2023-06-22 16:16:46.289  WARN 25148 --- [    Test worker] o.s.data.convert.CustomConversions       : Registering converter from class java.time.LocalDateTime to class java.time.Instant as reading converter although it doesn't convert from a store-supported type! You might wanna check you annotation setup at the converter implementation.
2023-06-22 16:16:46.289  WARN 25148 --- [    Test worker] o.s.data.convert.CustomConversions       : Registering converter from class java.time.Instant to class java.time.LocalDateTime as reading converter although it doesn't convert from a store-supported type! You might wanna check you annotation setup at the converter implementation.
2023-06-22 16:16:46.292  INFO 25148 --- [127.0.0.1:60415] org.mongodb.driver.connection            : Opened connection [connectionId{localValue:3}] to 127.0.0.1:60415
2023-06-22 16:16:46.293  INFO 25148 --- [127.0.0.1:60415] org.mongodb.driver.cluster               : Monitor thread successfully connected to server with description ServerDescription{address=127.0.0.1:60415, type=STANDALONE, state=CONNECTED, ok=true, version=ServerVersion{versionList=[3, 0, 0]}, minWireVersion=0, maxWireVersion=2, maxDocumentSize=16777216, logicalSessionTimeoutMinutes=null, roundTripTimeNanos=760200}
2023-06-22 16:16:46.352  INFO 25148 --- [-server-worker2] d.b.mongo.wire.MongoWireProtocolHandler  : client [id: 0xb2c50795, L:/127.0.0.1:60415 - R:/127.0.0.1:60417] connected
2023-06-22 16:16:46.360  INFO 25148 --- [    Test worker] org.mongodb.driver.connection            : Opened connection [connectionId{localValue:4}] to 127.0.0.1:60415
2023-06-22 16:16:46.361  INFO 25148 --- [-server-worker2] d.b.mongo.backend.AbstractMongoBackend   : created database test
2023-06-22 16:16:46.361  INFO 25148 --- [-server-worker2] d.b.mongo.backend.AbstractMongoDatabase  : adding unique _id index for collection employee
2023-06-22 16:16:46.361  INFO 25148 --- [-server-worker2] d.b.mongo.backend.AbstractMongoDatabase  : created collection test.employee
2023-06-22 16:16:46.553  INFO 25148 --- [    Test worker] o.s.s.concurrent.ThreadPoolTaskExecutor  : Initializing ExecutorService 'applicationTaskExecutor'
2023-06-22 16:16:46.682  WARN 25148 --- [    Test worker] o.s.data.convert.CustomConversions       : Registering converter from class java.time.LocalDateTime to class java.time.Instant as reading converter although it doesn't convert from a store-supported type! You might wanna check you annotation setup at the converter implementation.
2023-06-22 16:16:46.682  WARN 25148 --- [    Test worker] o.s.data.convert.CustomConversions       : Registering converter from class java.time.Instant to class java.time.LocalDateTime as reading converter although it doesn't convert from a store-supported type! You might wanna check you annotation setup at the converter implementation.
2023-06-22 16:16:46.700  WARN 25148 --- [    Test worker] o.s.data.convert.CustomConversions       : Registering converter from class java.time.LocalDateTime to class java.time.Instant as reading converter although it doesn't convert from a store-supported type! You might wanna check you annotation setup at the converter implementation.
2023-06-22 16:16:46.701  WARN 25148 --- [    Test worker] o.s.data.convert.CustomConversions       : Registering converter from class java.time.Instant to class java.time.LocalDateTime as reading converter although it doesn't convert from a store-supported type! You might wanna check you annotation setup at the converter implementation.
2023-06-22 16:16:46.749  INFO 25148 --- [    Test worker] c.m.challenge.ChallengeApplicationTests  : Started ChallengeApplicationTests in 0.782 seconds (JVM running for 5.316)
]]></system-out>
  <system-err><![CDATA[]]></system-err>
</testsuite>
